#Reads:	26079
#Bases:	235799893
#Max:	226030
#Min:	1
#Avg:	9041.8
#Median:	4000
#Mode:	0
#Std_Dev:	14294.2
#Read Length Histogram:
#Length	reads	pct_reads	cum_reads	cum_pct_reads	bases	pct_bases	cum_bases	cum_pct_bases
0	5291	20.288%	26079	100.000%	2638982	1.119%	235799893	100.000%
1000	3362	12.892%	20788	79.712%	4950413	2.099%	233160911	98.881%
2000	2474	9.487%	17426	66.820%	6123558	2.597%	228210498	96.781%
3000	1888	7.240%	14952	57.333%	6579802	2.790%	222086940	94.184%
4000	1531	5.871%	13064	50.094%	6869553	2.913%	215507138	91.394%
5000	1305	5.004%	11533	44.223%	7125659	3.022%	208637585	88.481%
6000	987	3.785%	10228	39.219%	6404430	2.716%	201511926	85.459%
7000	852	3.267%	9241	35.435%	6381185	2.706%	195107496	82.743%
8000	768	2.945%	8389	32.168%	6517247	2.764%	188726311	80.037%
9000	634	2.431%	7621	29.223%	6004496	2.546%	182209064	77.273%
10000	534	2.048%	6987	26.792%	5601931	2.376%	176204568	74.726%
11000	535	2.051%	6453	24.744%	6148472	2.607%	170602637	72.351%
12000	470	1.802%	5918	22.693%	5868988	2.489%	164454165	69.743%
13000	431	1.653%	5448	20.890%	5807315	2.463%	158585177	67.254%
14000	415	1.591%	5017	19.238%	6011700	2.549%	152777862	64.791%
15000	347	1.331%	4602	17.646%	5374255	2.279%	146766162	62.242%
16000	335	1.285%	4255	16.316%	5529066	2.345%	141391907	59.963%
17000	315	1.208%	3920	15.031%	5518806	2.340%	135862841	57.618%
18000	260	0.997%	3605	13.823%	4809931	2.040%	130344035	55.277%
19000	261	1.001%	3345	12.826%	5080402	2.155%	125534104	53.238%
20000	231	0.886%	3084	11.826%	4737754	2.009%	120453702	51.083%
21000	222	0.851%	2853	10.940%	4775290	2.025%	115715948	49.074%
22000	220	0.844%	2631	10.089%	4945059	2.097%	110940658	47.049%
23000	156	0.598%	2411	9.245%	3664066	1.554%	105995599	44.952%
24000	141	0.541%	2255	8.647%	3454452	1.465%	102331533	43.398%
25000	118	0.452%	2114	8.106%	3006779	1.275%	98877081	41.933%
26000	87	0.334%	1996	7.654%	2301597	0.976%	95870302	40.657%
27000	111	0.426%	1909	7.320%	3055135	1.296%	93568705	39.681%
28000	101	0.387%	1798	6.894%	2879170	1.221%	90513570	38.386%
29000	71	0.272%	1697	6.507%	2090311	0.886%	87634400	37.165%
30000	77	0.295%	1626	6.235%	2346994	0.995%	85544089	36.278%
31000	81	0.311%	1549	5.940%	2554002	1.083%	83197095	35.283%
32000	64	0.245%	1468	5.629%	2079628	0.882%	80643093	34.200%
33000	66	0.253%	1404	5.384%	2216143	0.940%	78563465	33.318%
34000	65	0.249%	1338	5.131%	2243890	0.952%	76347322	32.378%
35000	67	0.257%	1273	4.881%	2377107	1.008%	74103432	31.426%
36000	54	0.207%	1206	4.624%	1967685	0.834%	71726325	30.418%
37000	55	0.211%	1152	4.417%	2063930	0.875%	69758640	29.584%
38000	48	0.184%	1097	4.206%	1847308	0.783%	67694710	28.709%
39000	52	0.199%	1049	4.022%	2054378	0.871%	65847402	27.925%
40000	42	0.161%	997	3.823%	1701948	0.722%	63793024	27.054%
41000	40	0.153%	955	3.662%	1659820	0.704%	62091076	26.332%
42000	41	0.157%	915	3.509%	1741568	0.739%	60431256	25.628%
43000	33	0.127%	874	3.351%	1435183	0.609%	58689688	24.890%
44000	41	0.157%	841	3.225%	1822130	0.773%	57254505	24.281%
45000	46	0.176%	800	3.068%	2093472	0.888%	55432375	23.508%
46000	25	0.096%	754	2.891%	1163521	0.493%	53338903	22.620%
47000	28	0.107%	729	2.795%	1330021	0.564%	52175382	22.127%
48000	27	0.104%	701	2.688%	1310296	0.556%	50845361	21.563%
49000	23	0.088%	674	2.584%	1138133	0.483%	49535065	21.007%
50000	28	0.107%	651	2.496%	1413998	0.600%	48396932	20.525%
51000	34	0.130%	623	2.389%	1748685	0.742%	46982934	19.925%
52000	29	0.111%	589	2.259%	1523359	0.646%	45234249	19.183%
53000	32	0.123%	560	2.147%	1714343	0.727%	43710890	18.537%
54000	11	0.042%	528	2.025%	599349	0.254%	41996547	17.810%
55000	24	0.092%	517	1.982%	1331879	0.565%	41397198	17.556%
56000	20	0.077%	493	1.890%	1126582	0.478%	40065319	16.991%
57000	29	0.111%	473	1.814%	1667153	0.707%	38938737	16.513%
58000	7	0.027%	444	1.703%	409040	0.173%	37271584	15.806%
59000	22	0.084%	437	1.676%	1307205	0.554%	36862544	15.633%
60000	18	0.069%	415	1.591%	1087674	0.461%	35555339	15.079%
61000	13	0.050%	397	1.522%	800298	0.339%	34467665	14.617%
62000	17	0.065%	384	1.472%	1062312	0.451%	33667367	14.278%
63000	16	0.061%	367	1.407%	1018359	0.432%	32605055	13.827%
64000	22	0.084%	351	1.346%	1423151	0.604%	31586696	13.396%
65000	8	0.031%	329	1.262%	525210	0.223%	30163545	12.792%
66000	12	0.046%	321	1.231%	798513	0.339%	29638335	12.569%
67000	16	0.061%	309	1.185%	1078534	0.457%	28839822	12.231%
68000	15	0.058%	293	1.124%	1027974	0.436%	27761288	11.773%
69000	7	0.027%	278	1.066%	487329	0.207%	26733314	11.337%
70000	7	0.027%	271	1.039%	492541	0.209%	26245985	11.131%
71000	6	0.023%	264	1.012%	428535	0.182%	25753444	10.922%
72000	7	0.027%	258	0.989%	508186	0.216%	25324909	10.740%
73000	10	0.038%	251	0.962%	736269	0.312%	24816723	10.524%
74000	6	0.023%	241	0.924%	446771	0.189%	24080454	10.212%
75000	9	0.035%	235	0.901%	679801	0.288%	23633683	10.023%
76000	5	0.019%	226	0.867%	382073	0.162%	22953882	9.734%
77000	6	0.023%	221	0.847%	464735	0.197%	22571809	9.572%
78000	11	0.042%	215	0.824%	863829	0.366%	22107074	9.375%
79000	6	0.023%	204	0.782%	476521	0.202%	21243245	9.009%
80000	4	0.015%	198	0.759%	321817	0.136%	20766724	8.807%
81000	10	0.038%	194	0.744%	815818	0.346%	20444907	8.670%
82000	8	0.031%	184	0.706%	660878	0.280%	19629089	8.324%
83000	6	0.023%	176	0.675%	500729	0.212%	18968211	8.044%
84000	5	0.019%	170	0.652%	422637	0.179%	18467482	7.832%
85000	6	0.023%	165	0.633%	512456	0.217%	18044845	7.653%
86000	7	0.027%	159	0.610%	606037	0.257%	17532389	7.435%
87000	9	0.035%	152	0.583%	785650	0.333%	16926352	7.178%
88000	9	0.035%	143	0.548%	796428	0.338%	16140702	6.845%
89000	4	0.015%	134	0.514%	357210	0.151%	15344274	6.507%
90000	7	0.027%	130	0.498%	633173	0.269%	14987064	6.356%
91000	4	0.015%	123	0.472%	365226	0.155%	14353891	6.087%
92000	7	0.027%	119	0.456%	648857	0.275%	13988665	5.932%
93000	6	0.023%	112	0.429%	561070	0.238%	13339808	5.657%
94000	4	0.015%	106	0.406%	378256	0.160%	12778738	5.419%
95000	6	0.023%	102	0.391%	573474	0.243%	12400482	5.259%
96000	4	0.015%	96	0.368%	385767	0.164%	11827008	5.016%
97000	4	0.015%	92	0.353%	390199	0.165%	11441241	4.852%
98000	4	0.015%	88	0.337%	392545	0.166%	11051042	4.687%
99000	1	0.004%	84	0.322%	99493	0.042%	10658497	4.520%
100000	1	0.004%	83	0.318%	100992	0.043%	10559004	4.478%
101000	1	0.004%	82	0.314%	101007	0.043%	10458012	4.435%
102000	4	0.015%	81	0.311%	409764	0.174%	10357005	4.392%
103000	2	0.008%	77	0.295%	207355	0.088%	9947241	4.219%
104000	2	0.008%	75	0.288%	208463	0.088%	9739886	4.131%
105000	4	0.015%	73	0.280%	422286	0.179%	9531423	4.042%
107000	2	0.008%	69	0.265%	215419	0.091%	9109137	3.863%
108000	2	0.008%	67	0.257%	216303	0.092%	8893718	3.772%
109000	4	0.015%	65	0.249%	438633	0.186%	8677415	3.680%
110000	1	0.004%	61	0.234%	110281	0.047%	8238782	3.494%
111000	2	0.008%	60	0.230%	222428	0.094%	8128501	3.447%
112000	3	0.012%	58	0.222%	338169	0.143%	7906073	3.353%
113000	3	0.012%	55	0.211%	341106	0.145%	7567904	3.209%
114000	5	0.019%	52	0.199%	572585	0.243%	7226798	3.065%
115000	3	0.012%	47	0.180%	346660	0.147%	6654213	2.822%
116000	2	0.008%	44	0.169%	233587	0.099%	6307553	2.675%
118000	4	0.015%	42	0.161%	474083	0.201%	6073966	2.576%
120000	2	0.008%	38	0.146%	240840	0.102%	5599883	2.375%
122000	1	0.004%	36	0.138%	122854	0.052%	5359043	2.273%
123000	1	0.004%	35	0.134%	123171	0.052%	5236189	2.221%
124000	3	0.012%	34	0.130%	372666	0.158%	5113018	2.168%
126000	1	0.004%	31	0.119%	126601	0.054%	4740352	2.010%
127000	1	0.004%	30	0.115%	127580	0.054%	4613751	1.957%
128000	3	0.012%	29	0.111%	385415	0.163%	4486171	1.903%
129000	1	0.004%	26	0.100%	129388	0.055%	4100756	1.739%
130000	1	0.004%	25	0.096%	130512	0.055%	3971368	1.684%
131000	3	0.012%	24	0.092%	393339	0.167%	3840856	1.629%
132000	3	0.012%	21	0.081%	397595	0.169%	3447517	1.462%
135000	1	0.004%	18	0.069%	135047	0.057%	3049922	1.293%
139000	1	0.004%	17	0.065%	139721	0.059%	2914875	1.236%
147000	1	0.004%	16	0.061%	147675	0.063%	2775154	1.177%
149000	2	0.008%	15	0.058%	298226	0.126%	2627479	1.114%
152000	2	0.008%	13	0.050%	304536	0.129%	2329253	0.988%
158000	1	0.004%	11	0.042%	158896	0.067%	2024717	0.859%
159000	1	0.004%	10	0.038%	159581	0.068%	1865821	0.791%
162000	1	0.004%	9	0.035%	162859	0.069%	1706240	0.724%
166000	1	0.004%	8	0.031%	166762	0.071%	1543381	0.655%
174000	1	0.004%	7	0.027%	174739	0.074%	1376619	0.584%
180000	1	0.004%	6	0.023%	180383	0.076%	1201880	0.510%
183000	1	0.004%	5	0.019%	183886	0.078%	1021497	0.433%
197000	1	0.004%	4	0.015%	197098	0.084%	837611	0.355%
206000	1	0.004%	3	0.012%	206654	0.088%	640513	0.272%
207000	1	0.004%	2	0.008%	207829	0.088%	433859	0.184%
226000	1	0.004%	1	0.004%	226030	0.096%	226030	0.096%
